<?xml version="1.0" encoding="UTF-8"?>
<!-- Generated by org.testng.reporters.JUnitReportReporter -->
<testsuite hostname="DESKTOP-PINDU21" failures="0" tests="3" name="com.tutorialsninja.qa.testcases.Login" time="15.642" errors="0" timestamp="2023-05-29T21:55:46 IST" skipped="0">
  <testcase classname="com.tutorialsninja.qa.testcases.Login" name="verifyLoginWithValidCredentials" time="4.906"/>
  <system-out/>
  <testcase classname="com.tutorialsninja.qa.testcases.Login" name="verifyLoginWithValidCredentials" time="4.815"/>
  <system-out/>
  <testcase classname="com.tutorialsninja.qa.testcases.Login" name="verifyLoginWithInvalidCredentials" time="5.921"/>
  <system-out/>
</testsuite> <!-- com.tutorialsninja.qa.testcases.Login -->
