<?xml version="1.0" encoding="UTF-8"?>
<!-- Generated by org.testng.reporters.JUnitReportReporter -->
<testsuite hostname="DESKTOP-PINDU21" failures="0" tests="2" name="com.tutorialsninja.qa.testcases.Register" time="14.574" errors="0" timestamp="2023-05-29T21:55:46 IST" skipped="0">
  <testcase classname="com.tutorialsninja.qa.testcases.Register" name="verifyRegiterWithMandatoryFields" time="8.427"/>
  <system-out/>
  <testcase classname="com.tutorialsninja.qa.testcases.Register" name="verifyRegiterWithAllFields" time="6.147"/>
  <system-out/>
</testsuite> <!-- com.tutorialsninja.qa.testcases.Register -->
